Arguments: 
  C:\Program Files (x86)\nodejs\node.exe C:\Users\LATITUDE\AppData\Roaming\npm\node_modules\yarn\bin\yarn.js start

PATH: 
  C:\Users\LATITUDE\bin;C:\Program Files\Git\mingw64\bin;C:\Program Files\Git\usr\local\bin;C:\Program Files\Git\usr\bin;C:\Program Files\Git\usr\bin;C:\Program Files\Git\mingw64\bin;C:\Program Files\Git\usr\bin;C:\Users\LATITUDE\bin;C:\Windows\system32;C:\Windows;C:\Windows\System32\Wbem;C:\Windows\System32\WindowsPowerShell\v1.0;C:\Windows\System32\OpenSSH;C:\Program Files\Git\cmd;C:\Program Files (x86)\nodejs;C:\Python27;C:\Users\LATITUDE\AppData\Local\Microsoft\WindowsApps;C:\Users\LATITUDE\AppData\Local\Programs\Microsoft VS Code\bin;C:\Users\LATITUDE\AppData\Roaming\npm;C:\Program Files\heroku\bin;C:\Program Files\Git\usr\bin\vendor_perl;C:\Program Files\Git\usr\bin\core_perl

Yarn version: 
  1.22.17

Node version: 
  16.13.0

Platform: 
  win32 ia32

Trace: 
  SyntaxError: C:\Users\LATITUDE\Documents\Fun\Test with Aframe\package.json: Unexpected token } in JSON at position 154
      at JSON.parse (<anonymous>)
      at C:\Users\LATITUDE\AppData\Roaming\npm\node_modules\yarn\lib\cli.js:1625:59
      at Generator.next (<anonymous>)
      at step (C:\Users\LATITUDE\AppData\Roaming\npm\node_modules\yarn\lib\cli.js:310:30)
      at C:\Users\LATITUDE\AppData\Roaming\npm\node_modules\yarn\lib\cli.js:321:13

npm manifest: 
  {
    "name": "test-with-aframe",
    "version": "1.0.0",
    "description": "",
    "main": "index.js",
    "scripts": {
      "start": "live-server --port=7000",
    },
    "keywords": [],
    "author": "",
    "license": "ISC",
    "dependencies": {
      "live-server": "^1.2.1"
    }
  }

yarn manifest: 
  No manifest

Lockfile: 
  No lockfile
